# JRE version: Java(TM) SE Runtime Environment (8.0_45-b15) (build 1.8.0_45-b15)
# Java VM: Java HotSpot(TM) 64-Bit Server VM (25.45-b02 mixed mode windows-amd64 compressed oops)
Heap:
 PSYoungGen      total 50176K, used 15439K [0x00000007bc400000, 0x00000007c0000000, 0x00000007c0000000)
  eden space 38912K, 33% used [0x00000007bc400000,0x00000007bd0d64f0,0x00000007bea00000)
  from space 11264K, 20% used [0x00000007bea00000,0x00000007bec3d900,0x00000007bf500000)
  to   space 10752K, 0% used [0x00000007bf580000,0x00000007bf580000,0x00000007c0000000)
 ParOldGen       total 69632K, used 59884K [0x0000000700000000, 0x0000000704400000, 0x00000007bc400000)
  object space 69632K, 86% used [0x0000000700000000,0x0000000703a7b390,0x0000000704400000)
 Metaspace       used 53911K, capacity 54273K, committed 55040K, reserved 1097728K
  class space    used 7467K, capacity 7576K, committed 7680K, reserved 1048576K
GC Heap History (10 events):
Event: 61595.292 GC heap before
{Heap before GC invocations=80 (full 18):
 PSYoungGen      total 51200K, used 36009K [0x00000007bc400000, 0x00000007c0000000, 0x00000007c0000000)
  eden space 40960K, 87% used [0x00000007bc400000,0x00000007be72a528,0x00000007bec00000)
  from space 10240K, 0% used [0x00000007bec00000,0x00000007bec00000,0x00000007bf600000)
  to   space 10240K, 0% used [0x00000007bf600000,0x00000007bf600000,0x00000007c0000000)
 ParOldGen       total 69632K, used 59159K [0x0000000700000000, 0x0000000704400000, 0x00000007bc400000)
  object space 69632K, 84% used [0x0000000700000000,0x00000007039c5d48,0x0000000704400000)
 Metaspace       used 53634K, capacity 53985K, committed 54656K, reserved 1095680K
  class space    used 7428K, capacity 7544K, committed 7552K, reserved 1048576K
Event: 61595.618 GC heap after
Heap after GC invocations=80 (full 18):
 PSYoungGen      total 48128K, used 9239K [0x00000007bc400000, 0x00000007c0000000, 0x00000007c0000000)
  eden space 37888K, 0% used [0x00000007bc400000,0x00000007bc400000,0x00000007be900000)
  from space 10240K, 90% used [0x00000007bf600000,0x00000007bff05df0,0x00000007c0000000)
  to   space 11776K, 0% used [0x00000007be900000,0x00000007be900000,0x00000007bf480000)
 ParOldGen       total 69632K, used 64566K [0x0000000700000000, 0x0000000704400000, 0x00000007bc400000)
  object space 69632K, 92% used [0x0000000700000000,0x0000000703f0d938,0x0000000704400000)
 Metaspace       used 53634K, capacity 53985K, committed 54656K, reserved 1095680K
  class space    used 7428K, capacity 7544K, committed 7552K, reserved 1048576K
}
Event: 61595.618 GC heap before
{Heap before GC invocations=81 (full 19):
 PSYoungGen      total 48128K, used 9239K [0x00000007bc400000, 0x00000007c0000000, 0x00000007c0000000)
  eden space 37888K, 0% used [0x00000007bc400000,0x00000007bc400000,0x00000007be900000)
  from space 10240K, 90% used [0x00000007bf600000,0x00000007bff05df0,0x00000007c0000000)
  to   space 11776K, 0% used [0x00000007be900000,0x00000007be900000,0x00000007bf480000)
 ParOldGen       total 69632K, used 64566K [0x0000000700000000, 0x0000000704400000, 0x00000007bc400000)
  object space 69632K, 92% used [0x0000000700000000,0x0000000703f0d938,0x0000000704400000)
 Metaspace       used 53634K, capacity 53985K, committed 54656K, reserved 1095680K
  class space    used 7428K, capacity 7544K, committed 7552K, reserved 1048576K
Event: 61596.033 GC heap after
Heap after GC invocations=81 (full 19):
 PSYoungGen      total 48128K, used 0K [0x00000007bc400000, 0x00000007c0000000, 0x00000007c0000000)
  eden space 37888K, 0% used [0x00000007bc400000,0x00000007bc400000,0x00000007be900000)
  from space 10240K, 0% used [0x00000007bf600000,0x00000007bf600000,0x00000007c0000000)
  to   space 11776K, 0% used [0x00000007be900000,0x00000007be900000,0x00000007bf480000)
 ParOldGen       total 69632K, used 59884K [0x0000000700000000, 0x0000000704400000, 0x00000007bc400000)
  object space 69632K, 86% used [0x0000000700000000,0x0000000703a7b390,0x0000000704400000)
 Metaspace       used 53634K, capacity 53985K, committed 54656K, reserved 1095680K
  class space    used 7428K, capacity 7544K, committed 7552K, reserved 1048576K
}
Event: 61609.408 GC heap before
{Heap before GC invocations=82 (full 19):
 PSYoungGen      total 48128K, used 37888K [0x00000007bc400000, 0x00000007c0000000, 0x00000007c0000000)
  eden space 37888K, 100% used [0x00000007bc400000,0x00000007be900000,0x00000007be900000)
  from space 10240K, 0% used [0x00000007bf600000,0x00000007bf600000,0x00000007c0000000)
  to   space 11776K, 0% used [0x00000007be900000,0x00000007be900000,0x00000007bf480000)
 ParOldGen       total 69632K, used 59884K [0x0000000700000000, 0x0000000704400000, 0x00000007bc400000)
  object space 69632K, 86% used [0x0000000700000000,0x0000000703a7b390,0x0000000704400000)
 Metaspace       used 53830K, capacity 54273K, committed 55040K, reserved 1097728K
  class space    used 7466K, capacity 7576K, committed 7680K, reserved 1048576K
Event: 61609.436 GC heap after
Heap after GC invocations=82 (full 19):
 PSYoungGen      total 49664K, used 1391K [0x00000007bc400000, 0x00000007c0000000, 0x00000007c0000000)
  eden space 37888K, 0% used [0x00000007bc400000,0x00000007bc400000,0x00000007be900000)
  from space 11776K, 11% used [0x00000007be900000,0x00000007bea5bd90,0x00000007bf480000)
  to   space 11264K, 0% used [0x00000007bf500000,0x00000007bf500000,0x00000007c0000000)
 ParOldGen       total 69632K, used 59884K [0x0000000700000000, 0x0000000704400000, 0x00000007bc400000)
  object space 69632K, 86% used [0x0000000700000000,0x0000000703a7b390,0x0000000704400000)
 Metaspace       used 53830K, capacity 54273K, committed 55040K, reserved 1097728K
  class space    used 7466K, capacity 7576K, committed 7680K, reserved 1048576K
}
Event: 61628.874 GC heap before
{Heap before GC invocations=83 (full 19):
 PSYoungGen      total 49664K, used 39279K [0x00000007bc400000, 0x00000007c0000000, 0x00000007c0000000)
  eden space 37888K, 100% used [0x00000007bc400000,0x00000007be900000,0x00000007be900000)
  from space 11776K, 11% used [0x00000007be900000,0x00000007bea5bd90,0x00000007bf480000)
  to   space 11264K, 0% used [0x00000007bf500000,0x00000007bf500000,0x00000007c0000000)
 ParOldGen       total 69632K, used 59884K [0x0000000700000000, 0x0000000704400000, 0x00000007bc400000)
  object space 69632K, 86% used [0x0000000700000000,0x0000000703a7b390,0x0000000704400000)
 Metaspace       used 53873K, capacity 54273K, committed 55040K, reserved 1097728K
  class space    used 7467K, capacity 7576K, committed 7680K, reserved 1048576K
Event: 61628.889 GC heap after
Heap after GC invocations=83 (full 19):
 PSYoungGen      total 50176K, used 2586K [0x00000007bc400000, 0x00000007c0000000, 0x00000007c0000000)
  eden space 38912K, 0% used [0x00000007bc400000,0x00000007bc400000,0x00000007bea00000)
  from space 11264K, 22% used [0x00000007bf500000,0x00000007bf786be8,0x00000007c0000000)
  to   space 11264K, 0% used [0x00000007bea00000,0x00000007bea00000,0x00000007bf500000)
 ParOldGen       total 69632K, used 59884K [0x0000000700000000, 0x0000000704400000, 0x00000007bc400000)
  object space 69632K, 86% used [0x0000000700000000,0x0000000703a7b390,0x0000000704400000)
 Metaspace       used 53873K, capacity 54273K, committed 55040K, reserved 1097728K
  class space    used 7467K, capacity 7576K, committed 7680K, reserved 1048576K
}
Event: 61638.153 GC heap before
{Heap before GC invocations=84 (full 19):
 PSYoungGen      total 50176K, used 41498K [0x00000007bc400000, 0x00000007c0000000, 0x00000007c0000000)
  eden space 38912K, 100% used [0x00000007bc400000,0x00000007bea00000,0x00000007bea00000)
  from space 11264K, 22% used [0x00000007bf500000,0x00000007bf786be8,0x00000007c0000000)
  to   space 11264K, 0% used [0x00000007bea00000,0x00000007bea00000,0x00000007bf500000)
 ParOldGen       total 69632K, used 59884K [0x0000000700000000, 0x0000000704400000, 0x00000007bc400000)
  object space 69632K, 86% used [0x0000000700000000,0x0000000703a7b390,0x0000000704400000)
 Metaspace       used 53893K, capacity 54273K, committed 55040K, reserved 1097728K
  class space    used 7467K, capacity 7576K, committed 7680K, reserved 1048576K
Event: 61638.190 GC heap after
Heap after GC invocations=84 (full 19):
 PSYoungGen      total 50176K, used 2294K [0x00000007bc400000, 0x00000007c0000000, 0x00000007c0000000)
  eden space 38912K, 0% used [0x00000007bc400000,0x00000007bc400000,0x00000007bea00000)
  from space 11264K, 20% used [0x00000007bea00000,0x00000007bec3d900,0x00000007bf500000)
  to   space 10752K, 0% used [0x00000007bf580000,0x00000007bf580000,0x00000007c0000000)
 ParOldGen       total 69632K, used 59884K [0x0000000700000000, 0x0000000704400000, 0x00000007bc400000)
  object space 69632K, 86% used [0x0000000700000000,0x0000000703a7b390,0x0000000704400000)
 Metaspace       used 53893K, capacity 54273K, committed 55040K, reserved 1097728K
  class space    used 7467K, capacity 7576K, committed 7680K, reserved 1048576K
}

